/*C3*/SET SCHEMA PUBLIC
CONNECT USER SA
SET AUTOCOMMIT FALSE
INSERT INTO SALE VALUES(17,'2013-11-28 20:10:13.119000000',1)
COMMIT
DISCONNECT
/*C4*/SET SCHEMA PUBLIC
CONNECT USER SA
SET AUTOCOMMIT FALSE
INSERT INTO SALE VALUES(18,'2013-11-28 20:24:33.881000000',1)
COMMIT
INSERT INTO SALE VALUES(19,'2013-11-28 20:24:56.079000000',1)
COMMIT
INSERT INTO SALE VALUES(20,'2013-11-28 20:25:24.443000000',1)
COMMIT
DISCONNECT
/*C5*/SET SCHEMA PUBLIC
CONNECT USER SA
SET AUTOCOMMIT FALSE
INSERT INTO SALE VALUES(21,'2013-11-28 20:26:45.518000000',1)
COMMIT
INSERT INTO SALE VALUES(22,'2013-11-28 20:28:10.242000000',1)
COMMIT
DISCONNECT
/*C6*/SET SCHEMA PUBLIC
CONNECT USER SA
SET AUTOCOMMIT FALSE
INSERT INTO SALE VALUES(23,'2013-11-28 20:32:04.421000000',1)
COMMIT
DISCONNECT
/*C7*/SET SCHEMA PUBLIC
CONNECT USER SA
SET AUTOCOMMIT FALSE
DISCONNECT
/*C8*/SET SCHEMA PUBLIC
CONNECT USER SA
SET AUTOCOMMIT FALSE
INSERT INTO SALE VALUES(24,'2013-11-28 20:37:39.907000000',1)
COMMIT
